Ganache CLI v6.1.0 (ganache-core: 2.1.0)
Error: listen EADDRINUSE :::8545
    at Object._errnoException (util.js:1022:11)
    at _exceptionWithHostPort (util.js:1044:20)
    at Server.setupListenHandle [as _listen2] (net.js:1367:14)
    at listenInCluster (net.js:1408:12)
    at Server.listen (net.js:1492:7)
    at Server.i.listen (/root/.nvm/versions/node/v8.11.1/lib/node_modules/ganache-cli/build/cli.node.js:2:726559)
    at Object.<anonymous> (/root/.nvm/versions/node/v8.11.1/lib/node_modules/ganache-cli/build/cli.node.js:2:4348560)
    at a (/root/.nvm/versions/node/v8.11.1/lib/node_modules/ganache-cli/build/cli.node.js:2:110)
    at /root/.nvm/versions/node/v8.11.1/lib/node_modules/ganache-cli/build/cli.node.js:2:524
    at Object.<anonymous> (/root/.nvm/versions/node/v8.11.1/lib/node_modules/ganache-cli/build/cli.node.js:2:536)
    at Module._compile (module.js:652:30)
    at Object.Module._extensions..js (module.js:663:10)
    at Module.load (module.js:565:32)
    at tryModuleLoad (module.js:505:12)
    at Function.Module._load (module.js:497:3)
    at Function.Module.runMain (module.js:693:10)
    at startup (bootstrap_node.js:188:16)
    at bootstrap_node.js:609:3
